19031:C 25 Oct 11:37:19.779 # Warning: no config file specified, using the default config. In order to specify a config file use redis-server /path/to/redis.conf
19031:M 25 Oct 11:37:19.782 * Increased maximum number of open files to 10032 (it was originally set to 7168).
                _._                                                  
           _.-``__ ''-._                                             
      _.-``    `.  `_.  ''-._           Redis 3.2.4 (41667de1/0) 64 bit
  .-`` .-```.  ```\/    _.,_ ''-._                                   
 (    '      ,       .-`  | `,    )     Running in standalone mode
 |`-._`-...-` __...-.``-._|'` _.-'|     Port: 6379
 |    `-._   `._    /     _.-'    |     PID: 19031
  `-._    `-._  `-./  _.-'    _.-'                                   
 |`-._`-._    `-.__.-'    _.-'_.-'|                                  
 |    `-._`-._        _.-'_.-'    |           http://redis.io        
  `-._    `-._`-.__.-'_.-'    _.-'                                   
 |`-._`-._    `-.__.-'    _.-'_.-'|                                  
 |    `-._`-._        _.-'_.-'    |                                  
  `-._    `-._`-.__.-'_.-'    _.-'                                   
      `-._    `-.__.-'    _.-'                                       
          `-._        _.-'                                           
              `-.__.-'                                               

19031:M 25 Oct 11:37:19.784 # Server started, Redis version 3.2.4
19031:M 25 Oct 11:37:19.784 * DB loaded from disk: 0.000 seconds
19031:M 25 Oct 11:37:19.785 * The server is now ready to accept connections on port 6379
19031:M 25 Oct 16:22:46.097 * 1 changes in 3600 seconds. Saving...
19031:M 25 Oct 16:22:46.098 * Background saving started by pid 22745
22745:C 25 Oct 16:22:46.102 * DB saved on disk
19031:M 25 Oct 16:22:46.201 * Background saving terminated with success
