Oct 20, 2016 6:57:00 PM org.apache.catalina.startup.VersionLoggerListener log
INFO: Server version:        Apache Tomcat/7.0.72
Oct 20, 2016 6:57:00 PM org.apache.catalina.startup.VersionLoggerListener log
INFO: Server built:          Sep 14 2016 12:12:26 UTC
Oct 20, 2016 6:57:00 PM org.apache.catalina.startup.VersionLoggerListener log
INFO: Server number:         7.0.72.0
Oct 20, 2016 6:57:00 PM org.apache.catalina.startup.VersionLoggerListener log
INFO: OS Name:               Mac OS X
Oct 20, 2016 6:57:00 PM org.apache.catalina.startup.VersionLoggerListener log
INFO: OS Version:            10.10.4
Oct 20, 2016 6:57:00 PM org.apache.catalina.startup.VersionLoggerListener log
INFO: Architecture:          x86_64
Oct 20, 2016 6:57:00 PM org.apache.catalina.startup.VersionLoggerListener log
INFO: Java Home:             /Library/Java/JavaVirtualMachines/jdk1.8.0_60.jdk/Contents/Home/jre
Oct 20, 2016 6:57:00 PM org.apache.catalina.startup.VersionLoggerListener log
INFO: JVM Version:           1.8.0_60-b27
Oct 20, 2016 6:57:00 PM org.apache.catalina.startup.VersionLoggerListener log
INFO: JVM Vendor:            Oracle Corporation
Oct 20, 2016 6:57:00 PM org.apache.catalina.startup.VersionLoggerListener log
INFO: CATALINA_BASE:         /Users/Jo/demo/demo/apache-tomcat-7.0.72
Oct 20, 2016 6:57:00 PM org.apache.catalina.startup.VersionLoggerListener log
INFO: CATALINA_HOME:         /Users/Jo/demo/demo/apache-tomcat-7.0.72
Oct 20, 2016 6:57:00 PM org.apache.catalina.startup.VersionLoggerListener log
INFO: Command line argument: -Djava.util.logging.config.file=/Users/Jo/demo/demo/apache-tomcat-7.0.72/conf/logging.properties
Oct 20, 2016 6:57:00 PM org.apache.catalina.startup.VersionLoggerListener log
INFO: Command line argument: -Djava.util.logging.manager=org.apache.juli.ClassLoaderLogManager
Oct 20, 2016 6:57:00 PM org.apache.catalina.startup.VersionLoggerListener log
INFO: Command line argument: -Djdk.tls.ephemeralDHKeySize=2048
Oct 20, 2016 6:57:00 PM org.apache.catalina.startup.VersionLoggerListener log
INFO: Command line argument: -Djava.endorsed.dirs=/Users/Jo/demo/demo/apache-tomcat-7.0.72/endorsed
Oct 20, 2016 6:57:00 PM org.apache.catalina.startup.VersionLoggerListener log
INFO: Command line argument: -Dcatalina.base=/Users/Jo/demo/demo/apache-tomcat-7.0.72
Oct 20, 2016 6:57:00 PM org.apache.catalina.startup.VersionLoggerListener log
INFO: Command line argument: -Dcatalina.home=/Users/Jo/demo/demo/apache-tomcat-7.0.72
Oct 20, 2016 6:57:00 PM org.apache.catalina.startup.VersionLoggerListener log
INFO: Command line argument: -Djava.io.tmpdir=/Users/Jo/demo/demo/apache-tomcat-7.0.72/temp
Oct 20, 2016 6:57:00 PM org.apache.catalina.core.AprLifecycleListener lifecycleEvent
INFO: The APR based Apache Tomcat Native library which allows optimal performance in production environments was not found on the java.library.path: /Users/Jo/Library/Java/Extensions:/Library/Java/Extensions:/Network/Library/Java/Extensions:/System/Library/Java/Extensions:/usr/lib/java:.
Oct 20, 2016 6:57:00 PM org.apache.coyote.AbstractProtocol init
INFO: Initializing ProtocolHandler ["http-bio-8080"]
Oct 20, 2016 6:57:00 PM org.apache.coyote.AbstractProtocol init
INFO: Initializing ProtocolHandler ["ajp-bio-8009"]
Oct 20, 2016 6:57:00 PM org.apache.catalina.startup.Catalina load
INFO: Initialization processed in 1053 ms
Oct 20, 2016 6:57:00 PM org.apache.catalina.core.StandardService startInternal
INFO: Starting service Catalina
Oct 20, 2016 6:57:00 PM org.apache.catalina.core.StandardEngine startInternal
INFO: Starting Servlet Engine: Apache Tomcat/7.0.72
Oct 20, 2016 6:57:00 PM org.apache.catalina.startup.HostConfig deployDirectory
INFO: Deploying web application directory /Users/Jo/demo/demo/apache-tomcat-7.0.72/webapps/docs
Oct 20, 2016 6:57:01 PM org.apache.catalina.startup.HostConfig deployDirectory
INFO: Deployment of web application directory /Users/Jo/demo/demo/apache-tomcat-7.0.72/webapps/docs has finished in 469 ms
Oct 20, 2016 6:57:01 PM org.apache.catalina.startup.HostConfig deployDirectory
INFO: Deploying web application directory /Users/Jo/demo/demo/apache-tomcat-7.0.72/webapps/examples
Oct 20, 2016 6:57:01 PM org.apache.catalina.startup.HostConfig deployDirectory
INFO: Deployment of web application directory /Users/Jo/demo/demo/apache-tomcat-7.0.72/webapps/examples has finished in 842 ms
Oct 20, 2016 6:57:01 PM org.apache.catalina.startup.HostConfig deployDirectory
INFO: Deploying web application directory /Users/Jo/demo/demo/apache-tomcat-7.0.72/webapps/host-manager
Oct 20, 2016 6:57:01 PM org.apache.catalina.startup.HostConfig deployDirectory
INFO: Deployment of web application directory /Users/Jo/demo/demo/apache-tomcat-7.0.72/webapps/host-manager has finished in 66 ms
Oct 20, 2016 6:57:01 PM org.apache.catalina.startup.HostConfig deployDirectory
INFO: Deploying web application directory /Users/Jo/demo/demo/apache-tomcat-7.0.72/webapps/manager
Oct 20, 2016 6:57:02 PM org.apache.catalina.startup.HostConfig deployDirectory
INFO: Deployment of web application directory /Users/Jo/demo/demo/apache-tomcat-7.0.72/webapps/manager has finished in 76 ms
Oct 20, 2016 6:57:02 PM org.apache.catalina.startup.HostConfig deployDirectory
INFO: Deploying web application directory /Users/Jo/demo/demo/apache-tomcat-7.0.72/webapps/ROOT
Oct 20, 2016 6:57:02 PM org.apache.catalina.startup.HostConfig deployDirectory
INFO: Deployment of web application directory /Users/Jo/demo/demo/apache-tomcat-7.0.72/webapps/ROOT has finished in 45 ms
Oct 20, 2016 6:57:02 PM org.apache.coyote.AbstractProtocol start
INFO: Starting ProtocolHandler ["http-bio-8080"]
Oct 20, 2016 6:57:02 PM org.apache.coyote.AbstractProtocol start
INFO: Starting ProtocolHandler ["ajp-bio-8009"]
Oct 20, 2016 6:57:02 PM org.apache.catalina.startup.Catalina start
INFO: Server startup in 1578 ms
Oct 20, 2016 6:58:17 PM org.apache.catalina.core.StandardServer await
INFO: A valid shutdown command was received via the shutdown port. Stopping the Server instance.
Oct 20, 2016 6:58:17 PM org.apache.coyote.AbstractProtocol pause
INFO: Pausing ProtocolHandler ["http-bio-8080"]
Oct 20, 2016 6:58:17 PM org.apache.coyote.AbstractProtocol pause
INFO: Pausing ProtocolHandler ["ajp-bio-8009"]
Oct 20, 2016 6:58:17 PM org.apache.catalina.core.StandardService stopInternal
INFO: Stopping service Catalina
Oct 20, 2016 6:58:17 PM org.apache.coyote.AbstractProtocol stop
INFO: Stopping ProtocolHandler ["http-bio-8080"]
Oct 20, 2016 6:58:17 PM org.apache.coyote.AbstractProtocol stop
INFO: Stopping ProtocolHandler ["ajp-bio-8009"]
Oct 20, 2016 6:58:17 PM org.apache.coyote.AbstractProtocol destroy
INFO: Destroying ProtocolHandler ["http-bio-8080"]
Oct 20, 2016 6:58:17 PM org.apache.coyote.AbstractProtocol destroy
INFO: Destroying ProtocolHandler ["ajp-bio-8009"]
Oct 20, 2016 7:20:20 PM org.apache.catalina.startup.VersionLoggerListener log
INFO: Server version:        Apache Tomcat/7.0.72
Oct 20, 2016 7:20:20 PM org.apache.catalina.startup.VersionLoggerListener log
INFO: Server built:          Sep 14 2016 12:12:26 UTC
Oct 20, 2016 7:20:20 PM org.apache.catalina.startup.VersionLoggerListener log
INFO: Server number:         7.0.72.0
Oct 20, 2016 7:20:20 PM org.apache.catalina.startup.VersionLoggerListener log
INFO: OS Name:               Mac OS X
Oct 20, 2016 7:20:20 PM org.apache.catalina.startup.VersionLoggerListener log
INFO: OS Version:            10.10.4
Oct 20, 2016 7:20:20 PM org.apache.catalina.startup.VersionLoggerListener log
INFO: Architecture:          x86_64
Oct 20, 2016 7:20:20 PM org.apache.catalina.startup.VersionLoggerListener log
INFO: Java Home:             /Library/Java/JavaVirtualMachines/jdk1.8.0_60.jdk/Contents/Home/jre
Oct 20, 2016 7:20:20 PM org.apache.catalina.startup.VersionLoggerListener log
INFO: JVM Version:           1.8.0_60-b27
Oct 20, 2016 7:20:20 PM org.apache.catalina.startup.VersionLoggerListener log
INFO: JVM Vendor:            Oracle Corporation
Oct 20, 2016 7:20:20 PM org.apache.catalina.startup.VersionLoggerListener log
INFO: CATALINA_BASE:         /Users/Jo/demo/demo/apache-tomcat-7.0.72
Oct 20, 2016 7:20:20 PM org.apache.catalina.startup.VersionLoggerListener log
INFO: CATALINA_HOME:         /Users/Jo/demo/demo/apache-tomcat-7.0.72
Oct 20, 2016 7:20:20 PM org.apache.catalina.startup.VersionLoggerListener log
INFO: Command line argument: -Djava.util.logging.config.file=/Users/Jo/demo/demo/apache-tomcat-7.0.72/conf/logging.properties
Oct 20, 2016 7:20:20 PM org.apache.catalina.startup.VersionLoggerListener log
INFO: Command line argument: -Djava.util.logging.manager=org.apache.juli.ClassLoaderLogManager
Oct 20, 2016 7:20:20 PM org.apache.catalina.startup.VersionLoggerListener log
INFO: Command line argument: -Djdk.tls.ephemeralDHKeySize=2048
Oct 20, 2016 7:20:20 PM org.apache.catalina.startup.VersionLoggerListener log
INFO: Command line argument: -Djava.endorsed.dirs=/Users/Jo/demo/demo/apache-tomcat-7.0.72/endorsed
Oct 20, 2016 7:20:20 PM org.apache.catalina.startup.VersionLoggerListener log
INFO: Command line argument: -Dcatalina.base=/Users/Jo/demo/demo/apache-tomcat-7.0.72
Oct 20, 2016 7:20:20 PM org.apache.catalina.startup.VersionLoggerListener log
INFO: Command line argument: -Dcatalina.home=/Users/Jo/demo/demo/apache-tomcat-7.0.72
Oct 20, 2016 7:20:20 PM org.apache.catalina.startup.VersionLoggerListener log
INFO: Command line argument: -Djava.io.tmpdir=/Users/Jo/demo/demo/apache-tomcat-7.0.72/temp
Oct 20, 2016 7:20:20 PM org.apache.catalina.core.AprLifecycleListener lifecycleEvent
INFO: The APR based Apache Tomcat Native library which allows optimal performance in production environments was not found on the java.library.path: /Users/Jo/Library/Java/Extensions:/Library/Java/Extensions:/Network/Library/Java/Extensions:/System/Library/Java/Extensions:/usr/lib/java:.
Oct 20, 2016 7:20:20 PM org.apache.coyote.AbstractProtocol init
INFO: Initializing ProtocolHandler ["http-bio-8080"]
Oct 20, 2016 7:20:20 PM org.apache.coyote.AbstractProtocol init
SEVERE: Failed to initialize end point associated with ProtocolHandler ["http-bio-8080"]
java.net.BindException: Address already in use <null>:8080
	at org.apache.tomcat.util.net.JIoEndpoint.bind(JIoEndpoint.java:413)
	at org.apache.tomcat.util.net.AbstractEndpoint.init(AbstractEndpoint.java:650)
	at org.apache.coyote.AbstractProtocol.init(AbstractProtocol.java:452)
	at org.apache.coyote.http11.AbstractHttp11JsseProtocol.init(AbstractHttp11JsseProtocol.java:119)
	at org.apache.catalina.connector.Connector.initInternal(Connector.java:978)
	at org.apache.catalina.util.LifecycleBase.init(LifecycleBase.java:102)
	at org.apache.catalina.core.StandardService.initInternal(StandardService.java:560)
	at org.apache.catalina.util.LifecycleBase.init(LifecycleBase.java:102)
	at org.apache.catalina.core.StandardServer.initInternal(StandardServer.java:838)
	at org.apache.catalina.util.LifecycleBase.init(LifecycleBase.java:102)
	at org.apache.catalina.startup.Catalina.load(Catalina.java:642)
	at org.apache.catalina.startup.Catalina.load(Catalina.java:667)
	at sun.reflect.NativeMethodAccessorImpl.invoke0(Native Method)
	at sun.reflect.NativeMethodAccessorImpl.invoke(NativeMethodAccessorImpl.java:62)
	at sun.reflect.DelegatingMethodAccessorImpl.invoke(DelegatingMethodAccessorImpl.java:43)
	at java.lang.reflect.Method.invoke(Method.java:497)
	at org.apache.catalina.startup.Bootstrap.load(Bootstrap.java:253)
	at org.apache.catalina.startup.Bootstrap.main(Bootstrap.java:427)
Caused by: java.net.BindException: Address already in use
	at java.net.PlainSocketImpl.socketBind(Native Method)
	at java.net.AbstractPlainSocketImpl.bind(AbstractPlainSocketImpl.java:387)
	at java.net.ServerSocket.bind(ServerSocket.java:375)
	at java.net.ServerSocket.<init>(ServerSocket.java:237)
	at java.net.ServerSocket.<init>(ServerSocket.java:181)
	at org.apache.tomcat.util.net.DefaultServerSocketFactory.createSocket(DefaultServerSocketFactory.java:49)
	at org.apache.tomcat.util.net.JIoEndpoint.bind(JIoEndpoint.java:400)
	... 17 more

Oct 20, 2016 7:20:20 PM org.apache.catalina.core.StandardService initInternal
SEVERE: Failed to initialize connector [Connector[HTTP/1.1-8080]]
org.apache.catalina.LifecycleException: Failed to initialize component [Connector[HTTP/1.1-8080]]
	at org.apache.catalina.util.LifecycleBase.init(LifecycleBase.java:107)
	at org.apache.catalina.core.StandardService.initInternal(StandardService.java:560)
	at org.apache.catalina.util.LifecycleBase.init(LifecycleBase.java:102)
	at org.apache.catalina.core.StandardServer.initInternal(StandardServer.java:838)
	at org.apache.catalina.util.LifecycleBase.init(LifecycleBase.java:102)
	at org.apache.catalina.startup.Catalina.load(Catalina.java:642)
	at org.apache.catalina.startup.Catalina.load(Catalina.java:667)
	at sun.reflect.NativeMethodAccessorImpl.invoke0(Native Method)
	at sun.reflect.NativeMethodAccessorImpl.invoke(NativeMethodAccessorImpl.java:62)
	at sun.reflect.DelegatingMethodAccessorImpl.invoke(DelegatingMethodAccessorImpl.java:43)
	at java.lang.reflect.Method.invoke(Method.java:497)
	at org.apache.catalina.startup.Bootstrap.load(Bootstrap.java:253)
	at org.apache.catalina.startup.Bootstrap.main(Bootstrap.java:427)
Caused by: org.apache.catalina.LifecycleException: Protocol handler initialization failed
	at org.apache.catalina.connector.Connector.initInternal(Connector.java:980)
	at org.apache.catalina.util.LifecycleBase.init(LifecycleBase.java:102)
	... 12 more
Caused by: java.net.BindException: Address already in use <null>:8080
	at org.apache.tomcat.util.net.JIoEndpoint.bind(JIoEndpoint.java:413)
	at org.apache.tomcat.util.net.AbstractEndpoint.init(AbstractEndpoint.java:650)
	at org.apache.coyote.AbstractProtocol.init(AbstractProtocol.java:452)
	at org.apache.coyote.http11.AbstractHttp11JsseProtocol.init(AbstractHttp11JsseProtocol.java:119)
	at org.apache.catalina.connector.Connector.initInternal(Connector.java:978)
	... 13 more
Caused by: java.net.BindException: Address already in use
	at java.net.PlainSocketImpl.socketBind(Native Method)
	at java.net.AbstractPlainSocketImpl.bind(AbstractPlainSocketImpl.java:387)
	at java.net.ServerSocket.bind(ServerSocket.java:375)
	at java.net.ServerSocket.<init>(ServerSocket.java:237)
	at java.net.ServerSocket.<init>(ServerSocket.java:181)
	at org.apache.tomcat.util.net.DefaultServerSocketFactory.createSocket(DefaultServerSocketFactory.java:49)
	at org.apache.tomcat.util.net.JIoEndpoint.bind(JIoEndpoint.java:400)
	... 17 more

Oct 20, 2016 7:20:20 PM org.apache.coyote.AbstractProtocol init
INFO: Initializing ProtocolHandler ["ajp-bio-8009"]
Oct 20, 2016 7:20:20 PM org.apache.coyote.AbstractProtocol init
SEVERE: Failed to initialize end point associated with ProtocolHandler ["ajp-bio-8009"]
java.net.BindException: Address already in use <null>:8009
	at org.apache.tomcat.util.net.JIoEndpoint.bind(JIoEndpoint.java:413)
	at org.apache.tomcat.util.net.AbstractEndpoint.init(AbstractEndpoint.java:650)
	at org.apache.coyote.AbstractProtocol.init(AbstractProtocol.java:452)
	at org.apache.catalina.connector.Connector.initInternal(Connector.java:978)
	at org.apache.catalina.util.LifecycleBase.init(LifecycleBase.java:102)
	at org.apache.catalina.core.StandardService.initInternal(StandardService.java:560)
	at org.apache.catalina.util.LifecycleBase.init(LifecycleBase.java:102)
	at org.apache.catalina.core.StandardServer.initInternal(StandardServer.java:838)
	at org.apache.catalina.util.LifecycleBase.init(LifecycleBase.java:102)
	at org.apache.catalina.startup.Catalina.load(Catalina.java:642)
	at org.apache.catalina.startup.Catalina.load(Catalina.java:667)
	at sun.reflect.NativeMethodAccessorImpl.invoke0(Native Method)
	at sun.reflect.NativeMethodAccessorImpl.invoke(NativeMethodAccessorImpl.java:62)
	at sun.reflect.DelegatingMethodAccessorImpl.invoke(DelegatingMethodAccessorImpl.java:43)
	at java.lang.reflect.Method.invoke(Method.java:497)
	at org.apache.catalina.startup.Bootstrap.load(Bootstrap.java:253)
	at org.apache.catalina.startup.Bootstrap.main(Bootstrap.java:427)
Caused by: java.net.BindException: Address already in use
	at java.net.PlainSocketImpl.socketBind(Native Method)
	at java.net.AbstractPlainSocketImpl.bind(AbstractPlainSocketImpl.java:387)
	at java.net.ServerSocket.bind(ServerSocket.java:375)
	at java.net.ServerSocket.<init>(ServerSocket.java:237)
	at java.net.ServerSocket.<init>(ServerSocket.java:181)
	at org.apache.tomcat.util.net.DefaultServerSocketFactory.createSocket(DefaultServerSocketFactory.java:49)
	at org.apache.tomcat.util.net.JIoEndpoint.bind(JIoEndpoint.java:400)
	... 16 more

Oct 20, 2016 7:20:20 PM org.apache.catalina.core.StandardService initInternal
SEVERE: Failed to initialize connector [Connector[AJP/1.3-8009]]
org.apache.catalina.LifecycleException: Failed to initialize component [Connector[AJP/1.3-8009]]
	at org.apache.catalina.util.LifecycleBase.init(LifecycleBase.java:107)
	at org.apache.catalina.core.StandardService.initInternal(StandardService.java:560)
	at org.apache.catalina.util.LifecycleBase.init(LifecycleBase.java:102)
	at org.apache.catalina.core.StandardServer.initInternal(StandardServer.java:838)
	at org.apache.catalina.util.LifecycleBase.init(LifecycleBase.java:102)
	at org.apache.catalina.startup.Catalina.load(Catalina.java:642)
	at org.apache.catalina.startup.Catalina.load(Catalina.java:667)
	at sun.reflect.NativeMethodAccessorImpl.invoke0(Native Method)
	at sun.reflect.NativeMethodAccessorImpl.invoke(NativeMethodAccessorImpl.java:62)
	at sun.reflect.DelegatingMethodAccessorImpl.invoke(DelegatingMethodAccessorImpl.java:43)
	at java.lang.reflect.Method.invoke(Method.java:497)
	at org.apache.catalina.startup.Bootstrap.load(Bootstrap.java:253)
	at org.apache.catalina.startup.Bootstrap.main(Bootstrap.java:427)
Caused by: org.apache.catalina.LifecycleException: Protocol handler initialization failed
	at org.apache.catalina.connector.Connector.initInternal(Connector.java:980)
	at org.apache.catalina.util.LifecycleBase.init(LifecycleBase.java:102)
	... 12 more
Caused by: java.net.BindException: Address already in use <null>:8009
	at org.apache.tomcat.util.net.JIoEndpoint.bind(JIoEndpoint.java:413)
	at org.apache.tomcat.util.net.AbstractEndpoint.init(AbstractEndpoint.java:650)
	at org.apache.coyote.AbstractProtocol.init(AbstractProtocol.java:452)
	at org.apache.catalina.connector.Connector.initInternal(Connector.java:978)
	... 13 more
Caused by: java.net.BindException: Address already in use
	at java.net.PlainSocketImpl.socketBind(Native Method)
	at java.net.AbstractPlainSocketImpl.bind(AbstractPlainSocketImpl.java:387)
	at java.net.ServerSocket.bind(ServerSocket.java:375)
	at java.net.ServerSocket.<init>(ServerSocket.java:237)
	at java.net.ServerSocket.<init>(ServerSocket.java:181)
	at org.apache.tomcat.util.net.DefaultServerSocketFactory.createSocket(DefaultServerSocketFactory.java:49)
	at org.apache.tomcat.util.net.JIoEndpoint.bind(JIoEndpoint.java:400)
	... 16 more

Oct 20, 2016 7:20:20 PM org.apache.catalina.startup.Catalina load
INFO: Initialization processed in 745 ms
Oct 20, 2016 7:20:21 PM org.apache.catalina.core.StandardService startInternal
INFO: Starting service Catalina
Oct 20, 2016 7:20:21 PM org.apache.catalina.core.StandardEngine startInternal
INFO: Starting Servlet Engine: Apache Tomcat/7.0.72
Oct 20, 2016 7:20:21 PM org.apache.catalina.startup.HostConfig deployDirectory
INFO: Deploying web application directory /Users/Jo/demo/demo/apache-tomcat-7.0.72/webapps/docs
Oct 20, 2016 7:20:21 PM org.apache.catalina.startup.HostConfig deployDirectory
INFO: Deployment of web application directory /Users/Jo/demo/demo/apache-tomcat-7.0.72/webapps/docs has finished in 346 ms
Oct 20, 2016 7:20:21 PM org.apache.catalina.startup.HostConfig deployDirectory
INFO: Deploying web application directory /Users/Jo/demo/demo/apache-tomcat-7.0.72/webapps/examples
Oct 20, 2016 7:20:21 PM org.apache.catalina.startup.HostConfig deployDirectory
INFO: Deployment of web application directory /Users/Jo/demo/demo/apache-tomcat-7.0.72/webapps/examples has finished in 469 ms
Oct 20, 2016 7:20:21 PM org.apache.catalina.startup.HostConfig deployDirectory
INFO: Deploying web application directory /Users/Jo/demo/demo/apache-tomcat-7.0.72/webapps/host-manager
Oct 20, 2016 7:20:22 PM org.apache.catalina.startup.HostConfig deployDirectory
INFO: Deployment of web application directory /Users/Jo/demo/demo/apache-tomcat-7.0.72/webapps/host-manager has finished in 160 ms
Oct 20, 2016 7:20:22 PM org.apache.catalina.startup.HostConfig deployDirectory
INFO: Deploying web application directory /Users/Jo/demo/demo/apache-tomcat-7.0.72/webapps/manager
Oct 20, 2016 7:20:22 PM org.apache.catalina.startup.HostConfig deployDirectory
INFO: Deployment of web application directory /Users/Jo/demo/demo/apache-tomcat-7.0.72/webapps/manager has finished in 92 ms
Oct 20, 2016 7:20:22 PM org.apache.catalina.startup.HostConfig deployDirectory
INFO: Deploying web application directory /Users/Jo/demo/demo/apache-tomcat-7.0.72/webapps/ROOT
Oct 20, 2016 7:20:22 PM org.apache.catalina.startup.HostConfig deployDirectory
INFO: Deployment of web application directory /Users/Jo/demo/demo/apache-tomcat-7.0.72/webapps/ROOT has finished in 52 ms
Oct 20, 2016 7:20:22 PM org.apache.catalina.startup.Catalina start
INFO: Server startup in 1165 ms
Oct 20, 2016 7:20:22 PM org.apache.catalina.core.StandardServer await
SEVERE: StandardServer.await: create[localhost:8005]: 
java.net.BindException: Address already in use
	at java.net.PlainSocketImpl.socketBind(Native Method)
	at java.net.AbstractPlainSocketImpl.bind(AbstractPlainSocketImpl.java:387)
	at java.net.ServerSocket.bind(ServerSocket.java:375)
	at java.net.ServerSocket.<init>(ServerSocket.java:237)
	at org.apache.catalina.core.StandardServer.await(StandardServer.java:444)
	at org.apache.catalina.startup.Catalina.await(Catalina.java:781)
	at org.apache.catalina.startup.Catalina.start(Catalina.java:727)
	at sun.reflect.NativeMethodAccessorImpl.invoke0(Native Method)
	at sun.reflect.NativeMethodAccessorImpl.invoke(NativeMethodAccessorImpl.java:62)
	at sun.reflect.DelegatingMethodAccessorImpl.invoke(DelegatingMethodAccessorImpl.java:43)
	at java.lang.reflect.Method.invoke(Method.java:497)
	at org.apache.catalina.startup.Bootstrap.start(Bootstrap.java:294)
	at org.apache.catalina.startup.Bootstrap.main(Bootstrap.java:428)

Oct 20, 2016 7:20:22 PM org.apache.coyote.AbstractProtocol pause
INFO: Pausing ProtocolHandler ["http-bio-8080"]
Oct 20, 2016 7:20:22 PM org.apache.coyote.AbstractProtocol pause
INFO: Pausing ProtocolHandler ["ajp-bio-8009"]
Oct 20, 2016 7:20:22 PM org.apache.catalina.core.StandardService stopInternal
INFO: Stopping service Catalina
Oct 20, 2016 7:20:22 PM org.apache.coyote.AbstractProtocol stop
INFO: Stopping ProtocolHandler ["http-bio-8080"]
Oct 20, 2016 7:20:22 PM org.apache.coyote.AbstractProtocol destroy
INFO: Destroying ProtocolHandler ["http-bio-8080"]
Oct 20, 2016 7:20:22 PM org.apache.coyote.AbstractProtocol stop
INFO: Stopping ProtocolHandler ["ajp-bio-8009"]
Oct 20, 2016 7:20:22 PM org.apache.coyote.AbstractProtocol destroy
INFO: Destroying ProtocolHandler ["ajp-bio-8009"]
